# JRE version: Java(TM) SE Runtime Environment (8.0_201-b09) (build 1.8.0_201-b09)
# Java VM: Java HotSpot(TM) 64-Bit Server VM (25.201-b09 mixed mode windows-amd64 compressed oops)
Heap:
 PSYoungGen      total 3399680K, used 3062156K [0x00000006eab00000, 0x00000007bff00000, 0x00000007c0000000)
  eden space 3307520K, 92% used [0x00000006eab00000,0x00000007a49e18b8,0x00000007b4900000)
  from space 92160K, 17% used [0x00000007ba300000,0x00000007bb2818e8,0x00000007bfd00000)
  to   space 92160K, 0% used [0x00000007b4900000,0x00000007b4900000,0x00000007ba300000)
 ParOldGen       total 6990848K, used 2754363K [0x0000000540000000, 0x00000006eab00000, 0x00000006eab00000)
  object space 6990848K, 39% used [0x0000000540000000,0x00000005e81cec50,0x00000006eab00000)
 Metaspace       used 317408K, capacity 331317K, committed 331456K, reserved 1325056K
  class space    used 51820K, capacity 55193K, committed 55232K, reserved 1048576K
GC Heap History (10 events):
Event: 2547.038 GC heap before
{Heap before GC invocations=403 (full 13):
 PSYoungGen      total 3391488K, used 3327927K [0x00000006eab00000, 0x00000007bfc00000, 0x00000007c0000000)
  eden space 3291648K, 100% used [0x00000006eab00000,0x00000007b3980000,0x00000007b3980000)
  from space 99840K, 36% used [0x00000007b3980000,0x00000007b5cedc58,0x00000007b9b00000)
  to   space 98304K, 0% used [0x00000007b9c00000,0x00000007b9c00000,0x00000007bfc00000)
 ParOldGen       total 6990848K, used 2741975K [0x0000000540000000, 0x00000006eab00000, 0x00000006eab00000)
  object space 6990848K, 39% used [0x0000000540000000,0x00000005e75b5cb0,0x00000006eab00000)
 Metaspace       used 317325K, capacity 331241K, committed 331456K, reserved 1325056K
  class space    used 51820K, capacity 55193K, committed 55232K, reserved 1048576K
Event: 2547.068 GC heap after
Heap after GC invocations=403 (full 13):
 PSYoungGen      total 3393024K, used 35727K [0x00000006eab00000, 0x00000007bfa80000, 0x00000007c0000000)
  eden space 3296256K, 0% used [0x00000006eab00000,0x00000006eab00000,0x00000007b3e00000)
  from space 96768K, 36% used [0x00000007b9c00000,0x00000007bbee3ca8,0x00000007bfa80000)
  to   space 96256K, 0% used [0x00000007b3e00000,0x00000007b3e00000,0x00000007b9c00000)
 ParOldGen       total 6990848K, used 2742399K [0x0000000540000000, 0x00000006eab00000, 0x00000006eab00000)
  object space 6990848K, 39% used [0x0000000540000000,0x00000005e761fe00,0x00000006eab00000)
 Metaspace       used 317325K, capacity 331241K, committed 331456K, reserved 1325056K
  class space    used 51820K, capacity 55193K, committed 55232K, reserved 1048576K
}
Event: 2557.747 GC heap before
{Heap before GC invocations=404 (full 13):
 PSYoungGen      total 3393024K, used 3331983K [0x00000006eab00000, 0x00000007bfa80000, 0x00000007c0000000)
  eden space 3296256K, 100% used [0x00000006eab00000,0x00000007b3e00000,0x00000007b3e00000)
  from space 96768K, 36% used [0x00000007b9c00000,0x00000007bbee3ca8,0x00000007bfa80000)
  to   space 96256K, 0% used [0x00000007b3e00000,0x00000007b3e00000,0x00000007b9c00000)
 ParOldGen       total 6990848K, used 2742399K [0x0000000540000000, 0x00000006eab00000, 0x00000006eab00000)
  object space 6990848K, 39% used [0x0000000540000000,0x00000005e761fe00,0x00000006eab00000)
 Metaspace       used 317341K, capacity 331245K, committed 331456K, reserved 1325056K
  class space    used 51820K, capacity 55193K, committed 55232K, reserved 1048576K
Event: 2557.774 GC heap after
Heap after GC invocations=404 (full 13):
 PSYoungGen      total 3392512K, used 35054K [0x00000006eab00000, 0x00000007bfb80000, 0x00000007c0000000)
  eden space 3296256K, 0% used [0x00000006eab00000,0x00000006eab00000,0x00000007b3e00000)
  from space 96256K, 36% used [0x00000007b3e00000,0x00000007b603bb18,0x00000007b9c00000)
  to   space 94208K, 0% used [0x00000007b9f80000,0x00000007b9f80000,0x00000007bfb80000)
 ParOldGen       total 6990848K, used 2742726K [0x0000000540000000, 0x00000006eab00000, 0x00000006eab00000)
  object space 6990848K, 39% used [0x0000000540000000,0x00000005e7671910,0x00000006eab00000)
 Metaspace       used 317341K, capacity 331245K, committed 331456K, reserved 1325056K
  class space    used 51820K, capacity 55193K, committed 55232K, reserved 1048576K
}
Event: 2568.776 GC heap before
{Heap before GC invocations=405 (full 13):
 PSYoungGen      total 3392512K, used 3331310K [0x00000006eab00000, 0x00000007bfb80000, 0x00000007c0000000)
  eden space 3296256K, 100% used [0x00000006eab00000,0x00000007b3e00000,0x00000007b3e00000)
  from space 96256K, 36% used [0x00000007b3e00000,0x00000007b603bb18,0x00000007b9c00000)
  to   space 94208K, 0% used [0x00000007b9f80000,0x00000007b9f80000,0x00000007bfb80000)
 ParOldGen       total 6990848K, used 2742726K [0x0000000540000000, 0x00000006eab00000, 0x00000006eab00000)
  object space 6990848K, 39% used [0x0000000540000000,0x00000005e7671910,0x00000006eab00000)
 Metaspace       used 317354K, capacity 331309K, committed 331456K, reserved 1325056K
  class space    used 51820K, capacity 55193K, committed 55232K, reserved 1048576K
Event: 2568.803 GC heap after
Heap after GC invocations=405 (full 13):
 PSYoungGen      total 3397120K, used 27340K [0x00000006eab00000, 0x00000007bfc00000, 0x00000007c0000000)
  eden space 3302912K, 0% used [0x00000006eab00000,0x00000006eab00000,0x00000007b4480000)
  from space 94208K, 29% used [0x00000007b9f80000,0x00000007bba332f8,0x00000007bfb80000)
  to   space 93184K, 0% used [0x00000007b4480000,0x00000007b4480000,0x00000007b9f80000)
 ParOldGen       total 6990848K, used 2745681K [0x0000000540000000, 0x00000006eab00000, 0x00000006eab00000)
  object space 6990848K, 39% used [0x0000000540000000,0x00000005e79547c0,0x00000006eab00000)
 Metaspace       used 317354K, capacity 331309K, committed 331456K, reserved 1325056K
  class space    used 51820K, capacity 55193K, committed 55232K, reserved 1048576K
}
Event: 2580.455 GC heap before
{Heap before GC invocations=406 (full 13):
 PSYoungGen      total 3397120K, used 3330252K [0x00000006eab00000, 0x00000007bfc00000, 0x00000007c0000000)
  eden space 3302912K, 100% used [0x00000006eab00000,0x00000007b4480000,0x00000007b4480000)
  from space 94208K, 29% used [0x00000007b9f80000,0x00000007bba332f8,0x00000007bfb80000)
  to   space 93184K, 0% used [0x00000007b4480000,0x00000007b4480000,0x00000007b9f80000)
 ParOldGen       total 6990848K, used 2745681K [0x0000000540000000, 0x00000006eab00000, 0x00000006eab00000)
  object space 6990848K, 39% used [0x0000000540000000,0x00000005e79547c0,0x00000006eab00000)
 Metaspace       used 317367K, capacity 331309K, committed 331456K, reserved 1325056K
  class space    used 51820K, capacity 55193K, committed 55232K, reserved 1048576K
Event: 2580.479 GC heap after
Heap after GC invocations=406 (full 13):
 PSYoungGen      total 3396096K, used 23178K [0x00000006eab00000, 0x00000007bfd00000, 0x00000007c0000000)
  eden space 3302912K, 0% used [0x00000006eab00000,0x00000006eab00000,0x00000007b4480000)
  from space 93184K, 24% used [0x00000007b4480000,0x00000007b5b22908,0x00000007b9f80000)
  to   space 92160K, 0% used [0x00000007ba300000,0x00000007ba300000,0x00000007bfd00000)
 ParOldGen       total 6990848K, used 2746534K [0x0000000540000000, 0x00000006eab00000, 0x00000006eab00000)
  object space 6990848K, 39% used [0x0000000540000000,0x00000005e7a298a0,0x00000006eab00000)
 Metaspace       used 317367K, capacity 331309K, committed 331456K, reserved 1325056K
  class space    used 51820K, capacity 55193K, committed 55232K, reserved 1048576K
}
Event: 2591.286 GC heap before
{Heap before GC invocations=407 (full 13):
 PSYoungGen      total 3396096K, used 3326090K [0x00000006eab00000, 0x00000007bfd00000, 0x00000007c0000000)
  eden space 3302912K, 100% used [0x00000006eab00000,0x00000007b4480000,0x00000007b4480000)
  from space 93184K, 24% used [0x00000007b4480000,0x00000007b5b22908,0x00000007b9f80000)
  to   space 92160K, 0% used [0x00000007ba300000,0x00000007ba300000,0x00000007bfd00000)
 ParOldGen       total 6990848K, used 2746534K [0x0000000540000000, 0x00000006eab00000, 0x00000006eab00000)
  object space 6990848K, 39% used [0x0000000540000000,0x00000005e7a298a0,0x00000006eab00000)
 Metaspace       used 317376K, capacity 331309K, committed 331456K, reserved 1325056K
  class space    used 51820K, capacity 55193K, committed 55232K, reserved 1048576K
Event: 2591.311 GC heap after
Heap after GC invocations=407 (full 13):
 PSYoungGen      total 3399680K, used 15878K [0x00000006eab00000, 0x00000007bff00000, 0x00000007c0000000)
  eden space 3307520K, 0% used [0x00000006eab00000,0x00000006eab00000,0x00000007b4900000)
  from space 92160K, 17% used [0x00000007ba300000,0x00000007bb2818e8,0x00000007bfd00000)
  to   space 92160K, 0% used [0x00000007b4900000,0x00000007b4900000,0x00000007ba300000)
 ParOldGen       total 6990848K, used 2754363K [0x0000000540000000, 0x00000006eab00000, 0x00000006eab00000)
  object space 6990848K, 39% used [0x0000000540000000,0x00000005e81cec50,0x00000006eab00000)
 Metaspace       used 317376K, capacity 331309K, committed 331456K, reserved 1325056K
  class space    used 51820K, capacity 55193K, committed 55232K, reserved 1048576K
}

